<?xml version="1.0" encoding="UTF-8"?>
<testng-results ignored="0" total="2" passed="2" failed="0" skipped="0">
  <reporter-output>
  </reporter-output>
  <suite started-at="2026-06-17T17:45:31 IST" name="Suite" finished-at="2026-06-17T17:46:00 IST" duration-ms="28922">
    <groups>
    </groups>
    <test started-at="2026-06-17T17:45:31 IST" name="chromeTest" finished-at="2026-06-17T17:45:56 IST" duration-ms="25370">
      <class name="test.Basic">
        <test-method is-config="true" signature="setup(java.lang.String)[pri:0, instance:test.Basic@4681c175]" started-at="2026-06-17T17:45:31 IST" name="setup" finished-at="2026-06-17T17:45:43 IST" duration-ms="12643" status="PASS">
          <params>
            <param index="0">
              <value>
                <![CDATA[chrome]]>
              </value>
            </param>
          </params>
          <reporter-output>
          </reporter-output>
        </test-method> <!-- setup -->
        <test-method signature="registerTest()[pri:0, instance:test.Basic@4681c175]" started-at="2026-06-17T17:45:43 IST" name="registerTest" finished-at="2026-06-17T17:45:56 IST" duration-ms="12665" status="PASS">
          <reporter-output>
          </reporter-output>
        </test-method> <!-- registerTest -->
      </class> <!-- test.Basic -->
    </test> <!-- chromeTest -->
    <test started-at="2026-06-17T17:45:31 IST" name="FirefoxTest" finished-at="2026-06-17T17:46:00 IST" duration-ms="28913">
      <class name="test.Basic">
        <test-method is-config="true" signature="startsuite()[pri:0, instance:test.Basic@4a8355dd]" started-at="2026-06-17T17:45:29 IST" name="startsuite" finished-at="2026-06-17T17:45:31 IST" duration-ms="1733" status="PASS">
          <reporter-output>
          </reporter-output>
        </test-method> <!-- startsuite -->
        <test-method is-config="true" signature="setup(java.lang.String)[pri:0, instance:test.Basic@4a8355dd]" started-at="2026-06-17T17:45:31 IST" name="setup" finished-at="2026-06-17T17:45:49 IST" duration-ms="17935" status="PASS">
          <params>
            <param index="0">
              <value>
                <![CDATA[firefox]]>
              </value>
            </param>
          </params>
          <reporter-output>
          </reporter-output>
        </test-method> <!-- setup -->
        <test-method signature="registerTest()[pri:0, instance:test.Basic@4a8355dd]" started-at="2026-06-17T17:45:49 IST" name="registerTest" finished-at="2026-06-17T17:46:00 IST" duration-ms="10944" status="PASS">
          <reporter-output>
          </reporter-output>
        </test-method> <!-- registerTest -->
        <test-method is-config="true" signature="stopSuite()[pri:0, instance:test.Basic@4a8355dd]" started-at="2026-06-17T17:46:00 IST" name="stopSuite" finished-at="2026-06-17T17:46:02 IST" duration-ms="1944" status="PASS">
          <reporter-output>
          </reporter-output>
        </test-method> <!-- stopSuite -->
      </class> <!-- test.Basic -->
    </test> <!-- FirefoxTest -->
  </suite> <!-- Suite -->
</testng-results>
